0 info it worked if it ends with ok
1 verbose cli [ '/usr/bin/nodejs', '/usr/bin/npm', 'run', 'dev' ]
2 info using npm@3.9.5
3 info using node@v6.2.2
4 verbose run-script [ 'predev', 'dev', 'postdev' ]
5 info lifecycle ui-boilerplate@1.0.0~predev: ui-boilerplate@1.0.0
6 silly lifecycle ui-boilerplate@1.0.0~predev: no script for predev, continuing
7 info lifecycle ui-boilerplate@1.0.0~dev: ui-boilerplate@1.0.0
8 verbose lifecycle ui-boilerplate@1.0.0~dev: unsafe-perm in lifecycle true
9 verbose lifecycle ui-boilerplate@1.0.0~dev: PATH: /usr/lib/node_modules/npm/bin/node-gyp-bin:/home/agustin/Platform/ui-boilerplate/node_modules/.bin:/usr/bin:/home/agustin/.npm-global/bin:~/.npm-global/bin:/usr/local/sbin:/usr/local/bin:/usr/sbin:/usr/bin:/sbin:/bin:/usr/games:/usr/local/games:/usr/lib/jvm/java-8-oracle/bin:/usr/lib/jvm/java-8-oracle/db/bin:/usr/lib/jvm/java-8-oracle/jre/bin:/usr/lib/jvm/java-8-oracle/bin:/usr/lib/jvm/java-8-oracle/db/bin:/usr/lib/jvm/java-8-oracle/jre/bin
10 verbose lifecycle ui-boilerplate@1.0.0~dev: CWD: /home/agustin/Platform/ui-boilerplate
11 silly lifecycle ui-boilerplate@1.0.0~dev: Args: [ '-c',
11 silly lifecycle   'webpack-dev-server --hot --inline --config client/webpack.config.js --content-base ./app' ]
12 silly lifecycle ui-boilerplate@1.0.0~dev: Returned: code: 1  signal: null
13 info lifecycle ui-boilerplate@1.0.0~dev: Failed to exec dev script
14 verbose stack Error: ui-boilerplate@1.0.0 dev: `webpack-dev-server --hot --inline --config client/webpack.config.js --content-base ./app`
14 verbose stack Exit status 1
14 verbose stack     at EventEmitter.<anonymous> (/usr/lib/node_modules/npm/lib/utils/lifecycle.js:245:16)
14 verbose stack     at emitTwo (events.js:106:13)
14 verbose stack     at EventEmitter.emit (events.js:191:7)
14 verbose stack     at ChildProcess.<anonymous> (/usr/lib/node_modules/npm/lib/utils/spawn.js:24:14)
14 verbose stack     at emitTwo (events.js:106:13)
14 verbose stack     at ChildProcess.emit (events.js:191:7)
14 verbose stack     at maybeClose (internal/child_process.js:852:16)
14 verbose stack     at Process.ChildProcess._handle.onexit (internal/child_process.js:215:5)
15 verbose pkgid ui-boilerplate@1.0.0
16 verbose cwd /home/agustin/Platform/ui-boilerplate
17 error Linux 4.4.0-34-generic
18 error argv "/usr/bin/nodejs" "/usr/bin/npm" "run" "dev"
19 error node v6.2.2
20 error npm  v3.9.5
21 error code ELIFECYCLE
22 error ui-boilerplate@1.0.0 dev: `webpack-dev-server --hot --inline --config client/webpack.config.js --content-base ./app`
22 error Exit status 1
23 error Failed at the ui-boilerplate@1.0.0 dev script 'webpack-dev-server --hot --inline --config client/webpack.config.js --content-base ./app'.
23 error Make sure you have the latest version of node.js and npm installed.
23 error If you do, this is most likely a problem with the ui-boilerplate package,
23 error not with npm itself.
23 error Tell the author that this fails on your system:
23 error     webpack-dev-server --hot --inline --config client/webpack.config.js --content-base ./app
23 error You can get information on how to open an issue for this project with:
23 error     npm bugs ui-boilerplate
23 error Or if that isn't available, you can get their info via:
23 error     npm owner ls ui-boilerplate
23 error There is likely additional logging output above.
24 verbose exit [ 1, true ]
